{"numFailedTestSuites":0,"numFailedTests":0,"numPassedTestSuites":1,"numPassedTests":7,"numPendingTestSuites":0,"numPendingTests":0,"numRuntimeErrorTestSuites":0,"numTodoTests":0,"numTotalTestSuites":1,"numTotalTests":7,"openHandles":[],"snapshot":{"added":0,"didUpdate":false,"failure":false,"filesAdded":0,"filesRemoved":0,"filesRemovedList":[],"filesUnmatched":0,"filesUpdated":0,"matched":0,"total":0,"unchecked":0,"uncheckedKeysByFile":[],"unmatched":0,"updated":0},"startTime":1770392624237,"success":true,"testResults":[{"assertionResults":[{"ancestorTitles":["LearnLink Backend API Tests","GET /api/courses"],"duration":75,"failing":false,"failureDetails":[],"failureMessages":[],"fullName":"LearnLink Backend API Tests GET /api/courses should return array of courses with correct structure","invocations":1,"location":null,"numPassingAsserts":6,"retryReasons":[],"startAt":1770392625104,"status":"passed","title":"should return array of courses with correct structure"},{"ancestorTitles":["LearnLink Backend API Tests","POST /api/register"],"duration":12,"failing":false,"failureDetails":[],"failureMessages":[],"fullName":"LearnLink Backend API Tests POST /api/register should successfully register a new user","invocations":1,"location":null,"numPassingAsserts":4,"retryReasons":[],"startAt":1770392625181,"status":"passed","title":"should successfully register a new user"},{"ancestorTitles":["LearnLink Backend API Tests","POST /api/register"],"duration":6,"failing":false,"failureDetails":[],"failureMessages":[],"fullName":"LearnLink Backend API Tests POST /api/register should fail with missing required fields","invocations":1,"location":null,"numPassingAsserts":1,"retryReasons":[],"startAt":1770392625194,"status":"passed","title":"should fail with missing required fields"},{"ancestorTitles":["LearnLink Backend API Tests","POST /api/login"],"duration":8,"failing":false,"failureDetails":[],"failureMessages":[],"fullName":"LearnLink Backend API Tests POST /api/login should login successfully with correct credentials","invocations":1,"location":null,"numPassingAsserts":4,"retryReasons":[],"startAt":1770392625207,"status":"passed","title":"should login successfully with correct credentials"},{"ancestorTitles":["LearnLink Backend API Tests","POST /api/login"],"duration":7,"failing":false,"failureDetails":[],"failureMessages":[],"fullName":"LearnLink Backend API Tests POST /api/login should fail with wrong password","invocations":1,"location":null,"numPassingAsserts":1,"retryReasons":[],"startAt":1770392625216,"status":"passed","title":"should fail with wrong password"},{"ancestorTitles":["LearnLink Backend API Tests","POST /api/login"],"duration":7,"failing":false,"failureDetails":[],"failureMessages":[],"fullName":"LearnLink Backend API Tests POST /api/login should fail with non-existent email","invocations":1,"location":null,"numPassingAsserts":1,"retryReasons":[],"startAt":1770392625224,"status":"passed","title":"should fail with non-existent email"},{"ancestorTitles":["LearnLink Backend API Tests","GET /api/users"],"duration":6,"failing":false,"failureDetails":[],"failureMessages":[],"fullName":"LearnLink Backend API Tests GET /api/users should return array of users","invocations":1,"location":null,"numPassingAsserts":6,"retryReasons":[],"startAt":1770392625233,"status":"passed","title":"should return array of users"}],"endTime":1770392625242,"message":"","name":"C:\\Users\\SAFARI OUSMAN\\Desktop\\Git-Collaboration-Practice\\safari\\SIMPLE_WEB_APP\\backend\\tests\\api.test.js","startTime":1770392624361,"status":"passed","summary":""}],"wasInterrupted":false}
